
An error occurred while loading ./spec/models/book_spec.rb.[31m - Did you mean?
                    rspec ./spec/models/user_spec.rb
[0m
[31mFailure/Error: require File.expand_path('../../config/environment', __FILE__)[0m
[31m[0m
[31mLoadError:[0m
[31m  cannot load such file -- /home/ec2-user/environment/Bookers2/app/config/environment[0m
[36m# /home/ec2-user/.rvm/gems/ruby-3.1.2/gems/bootsnap-1.16.0/lib/bootsnap/load_path_cache/core_ext/kernel_require.rb:32:in `require'[0m
[36m# /home/ec2-user/.rvm/gems/ruby-3.1.2/gems/bootsnap-1.16.0/lib/bootsnap/load_path_cache/core_ext/kernel_require.rb:32:in `require'[0m
[36m# /home/ec2-user/.rvm/gems/ruby-3.1.2/gems/zeitwerk-2.6.11/lib/zeitwerk/kernel.rb:38:in `require'[0m
[36m# ./app/spec/rails_helper.rb:4:in `<main>'[0m
[36m# /home/ec2-user/.rvm/gems/ruby-3.1.2/gems/bootsnap-1.16.0/lib/bootsnap/load_path_cache/core_ext/kernel_require.rb:32:in `require'[0m
[36m# /home/ec2-user/.rvm/gems/ruby-3.1.2/gems/bootsnap-1.16.0/lib/bootsnap/load_path_cache/core_ext/kernel_require.rb:32:in `require'[0m
[36m# /home/ec2-user/.rvm/gems/ruby-3.1.2/gems/zeitwerk-2.6.11/lib/zeitwerk/kernel.rb:38:in `require'[0m
[36m# ./spec/models/book_spec.rb:1:in `<main>'[0m

An error occurred while loading ./spec/models/favorite_spec.rb.[31m - Did you mean?
                    rspec ./spec/models/user_spec.rb
                    rspec ./spec/models/book_spec.rb
[0m
[31mFailure/Error: require File.expand_path('../../config/environment', __FILE__)[0m
[31m[0m
[31mLoadError:[0m
[31m  cannot load such file -- /home/ec2-user/environment/Bookers2/app/config/environment[0m
[36m# /home/ec2-user/.rvm/gems/ruby-3.1.2/gems/bootsnap-1.16.0/lib/bootsnap/load_path_cache/core_ext/kernel_require.rb:32:in `require'[0m
[36m# /home/ec2-user/.rvm/gems/ruby-3.1.2/gems/bootsnap-1.16.0/lib/bootsnap/load_path_cache/core_ext/kernel_require.rb:32:in `require'[0m
[36m# /home/ec2-user/.rvm/gems/ruby-3.1.2/gems/zeitwerk-2.6.11/lib/zeitwerk/kernel.rb:38:in `require'[0m
[36m# ./app/spec/rails_helper.rb:4:in `<main>'[0m
[36m# /home/ec2-user/.rvm/gems/ruby-3.1.2/gems/bootsnap-1.16.0/lib/bootsnap/load_path_cache/core_ext/kernel_require.rb:32:in `require'[0m
[36m# /home/ec2-user/.rvm/gems/ruby-3.1.2/gems/bootsnap-1.16.0/lib/bootsnap/load_path_cache/core_ext/kernel_require.rb:32:in `require'[0m
[36m# /home/ec2-user/.rvm/gems/ruby-3.1.2/gems/zeitwerk-2.6.11/lib/zeitwerk/kernel.rb:38:in `require'[0m
[36m# ./spec/models/favorite_spec.rb:1:in `<main>'[0m

An error occurred while loading ./spec/models/user_spec.rb.[31m - Did you mean?
                    rspec ./spec/models/book_spec.rb
[0m
[31mFailure/Error: require File.expand_path('../../config/environment', __FILE__)[0m
[31m[0m
[31mLoadError:[0m
[31m  cannot load such file -- /home/ec2-user/environment/Bookers2/app/config/environment[0m
[36m# /home/ec2-user/.rvm/gems/ruby-3.1.2/gems/bootsnap-1.16.0/lib/bootsnap/load_path_cache/core_ext/kernel_require.rb:32:in `require'[0m
[36m# /home/ec2-user/.rvm/gems/ruby-3.1.2/gems/bootsnap-1.16.0/lib/bootsnap/load_path_cache/core_ext/kernel_require.rb:32:in `require'[0m
[36m# /home/ec2-user/.rvm/gems/ruby-3.1.2/gems/zeitwerk-2.6.11/lib/zeitwerk/kernel.rb:38:in `require'[0m
[36m# ./app/spec/rails_helper.rb:4:in `<main>'[0m
[36m# /home/ec2-user/.rvm/gems/ruby-3.1.2/gems/bootsnap-1.16.0/lib/bootsnap/load_path_cache/core_ext/kernel_require.rb:32:in `require'[0m
[36m# /home/ec2-user/.rvm/gems/ruby-3.1.2/gems/bootsnap-1.16.0/lib/bootsnap/load_path_cache/core_ext/kernel_require.rb:32:in `require'[0m
[36m# /home/ec2-user/.rvm/gems/ruby-3.1.2/gems/zeitwerk-2.6.11/lib/zeitwerk/kernel.rb:38:in `require'[0m
[36m# ./spec/models/user_spec.rb:1:in `<main>'[0m

An error occurred while loading ./spec/system/01_before_login_spec.rb.[31m - Did you mean?
                    rspec ./spec/system/02_after_login_spec.rb
[0m
[31mFailure/Error: require File.expand_path('../../config/environment', __FILE__)[0m
[31m[0m
[31mLoadError:[0m
[31m  cannot load such file -- /home/ec2-user/environment/Bookers2/app/config/environment[0m
[36m# /home/ec2-user/.rvm/gems/ruby-3.1.2/gems/bootsnap-1.16.0/lib/bootsnap/load_path_cache/core_ext/kernel_require.rb:32:in `require'[0m
[36m# /home/ec2-user/.rvm/gems/ruby-3.1.2/gems/bootsnap-1.16.0/lib/bootsnap/load_path_cache/core_ext/kernel_require.rb:32:in `require'[0m
[36m# /home/ec2-user/.rvm/gems/ruby-3.1.2/gems/zeitwerk-2.6.11/lib/zeitwerk/kernel.rb:38:in `require'[0m
[36m# ./app/spec/rails_helper.rb:4:in `<main>'[0m
[36m# /home/ec2-user/.rvm/gems/ruby-3.1.2/gems/bootsnap-1.16.0/lib/bootsnap/load_path_cache/core_ext/kernel_require.rb:32:in `require'[0m
[36m# /home/ec2-user/.rvm/gems/ruby-3.1.2/gems/bootsnap-1.16.0/lib/bootsnap/load_path_cache/core_ext/kernel_require.rb:32:in `require'[0m
[36m# /home/ec2-user/.rvm/gems/ruby-3.1.2/gems/zeitwerk-2.6.11/lib/zeitwerk/kernel.rb:38:in `require'[0m
[36m# ./spec/system/01_before_login_spec.rb:1:in `<main>'[0m

An error occurred while loading ./spec/system/02_after_login_spec.rb.[31m - Did you mean?
                    rspec ./spec/system/01_before_login_spec.rb
[0m
[31mFailure/Error: require File.expand_path('../../config/environment', __FILE__)[0m
[31m[0m
[31mLoadError:[0m
[31m  cannot load such file -- /home/ec2-user/environment/Bookers2/app/config/environment[0m
[36m# /home/ec2-user/.rvm/gems/ruby-3.1.2/gems/bootsnap-1.16.0/lib/bootsnap/load_path_cache/core_ext/kernel_require.rb:32:in `require'[0m
[36m# /home/ec2-user/.rvm/gems/ruby-3.1.2/gems/bootsnap-1.16.0/lib/bootsnap/load_path_cache/core_ext/kernel_require.rb:32:in `require'[0m
[36m# /home/ec2-user/.rvm/gems/ruby-3.1.2/gems/zeitwerk-2.6.11/lib/zeitwerk/kernel.rb:38:in `require'[0m
[36m# ./app/spec/rails_helper.rb:4:in `<main>'[0m
[36m# /home/ec2-user/.rvm/gems/ruby-3.1.2/gems/bootsnap-1.16.0/lib/bootsnap/load_path_cache/core_ext/kernel_require.rb:32:in `require'[0m
[36m# /home/ec2-user/.rvm/gems/ruby-3.1.2/gems/bootsnap-1.16.0/lib/bootsnap/load_path_cache/core_ext/kernel_require.rb:32:in `require'[0m
[36m# /home/ec2-user/.rvm/gems/ruby-3.1.2/gems/zeitwerk-2.6.11/lib/zeitwerk/kernel.rb:38:in `require'[0m
[36m# ./spec/system/02_after_login_spec.rb:1:in `<main>'[0m

An error occurred while loading ./spec/system/03_finishing_touches_spec.rb.[31m - Did you mean?
                    rspec ./spec/system/02_after_login_spec.rb
[0m
[31mFailure/Error: require File.expand_path('../../config/environment', __FILE__)[0m
[31m[0m
[31mLoadError:[0m
[31m  cannot load such file -- /home/ec2-user/environment/Bookers2/app/config/environment[0m
[36m# /home/ec2-user/.rvm/gems/ruby-3.1.2/gems/bootsnap-1.16.0/lib/bootsnap/load_path_cache/core_ext/kernel_require.rb:32:in `require'[0m
[36m# /home/ec2-user/.rvm/gems/ruby-3.1.2/gems/bootsnap-1.16.0/lib/bootsnap/load_path_cache/core_ext/kernel_require.rb:32:in `require'[0m
[36m# /home/ec2-user/.rvm/gems/ruby-3.1.2/gems/zeitwerk-2.6.11/lib/zeitwerk/kernel.rb:38:in `require'[0m
[36m# ./app/spec/rails_helper.rb:4:in `<main>'[0m
[36m# /home/ec2-user/.rvm/gems/ruby-3.1.2/gems/bootsnap-1.16.0/lib/bootsnap/load_path_cache/core_ext/kernel_require.rb:32:in `require'[0m
[36m# /home/ec2-user/.rvm/gems/ruby-3.1.2/gems/bootsnap-1.16.0/lib/bootsnap/load_path_cache/core_ext/kernel_require.rb:32:in `require'[0m
[36m# /home/ec2-user/.rvm/gems/ruby-3.1.2/gems/zeitwerk-2.6.11/lib/zeitwerk/kernel.rb:38:in `require'[0m
[36m# ./spec/system/03_finishing_touches_spec.rb:1:in `<main>'[0m

An error occurred while loading ./spec/system/04_favorite_comment_spec.rb.[31m - Did you mean?
                    rspec ./spec/system/01_before_login_spec.rb
[0m
[31mFailure/Error: require File.expand_path('../../config/environment', __FILE__)[0m
[31m[0m
[31mLoadError:[0m
[31m  cannot load such file -- /home/ec2-user/environment/Bookers2/app/config/environment[0m
[36m# /home/ec2-user/.rvm/gems/ruby-3.1.2/gems/bootsnap-1.16.0/lib/bootsnap/load_path_cache/core_ext/kernel_require.rb:32:in `require'[0m
[36m# /home/ec2-user/.rvm/gems/ruby-3.1.2/gems/bootsnap-1.16.0/lib/bootsnap/load_path_cache/core_ext/kernel_require.rb:32:in `require'[0m
[36m# /home/ec2-user/.rvm/gems/ruby-3.1.2/gems/zeitwerk-2.6.11/lib/zeitwerk/kernel.rb:38:in `require'[0m
[36m# ./app/spec/rails_helper.rb:4:in `<main>'[0m
[36m# /home/ec2-user/.rvm/gems/ruby-3.1.2/gems/bootsnap-1.16.0/lib/bootsnap/load_path_cache/core_ext/kernel_require.rb:32:in `require'[0m
[36m# /home/ec2-user/.rvm/gems/ruby-3.1.2/gems/bootsnap-1.16.0/lib/bootsnap/load_path_cache/core_ext/kernel_require.rb:32:in `require'[0m
[36m# /home/ec2-user/.rvm/gems/ruby-3.1.2/gems/zeitwerk-2.6.11/lib/zeitwerk/kernel.rb:38:in `require'[0m
[36m# ./spec/system/04_favorite_comment_spec.rb:1:in `<main>'[0m

Finished in 0.00012 seconds (files took 1.73 seconds to load)
[31m0 examples, 0 failures, 7 errors occurred outside of examples[0m

